
sambamba 1.0.1
 by Artem Tarasov and Pjotr Prins (C) 2012-2023
    LDC 1.32.0 / DMD v2.102.2 / LLVM14.0.6 / bootstrap LDC - the LLVM D compiler (1.32.0)


sambamba 1.0.1
 by Artem Tarasov and Pjotr Prins (C) 2012-2023
    LDC 1.32.0 / DMD v2.102.2 / LLVM14.0.6 / bootstrap LDC - the LLVM D compiler (1.32.0)

process_bam.sh: line 21: 754450 Killed                  sambamba sort -t 10 --tmpdir=/users/m/c/mcarpen3/scratch ${NAME}.bam -o ${NAME}.sorted.bam

sambamba 1.0.1
 by Artem Tarasov and Pjotr Prins (C) 2012-2023
    LDC 1.32.0 / DMD v2.102.2 / LLVM14.0.6 / bootstrap LDC - the LLVM D compiler (1.32.0)


sambamba 1.0.1
 by Artem Tarasov and Pjotr Prins (C) 2012-2023
    LDC 1.32.0 / DMD v2.102.2 / LLVM14.0.6 / bootstrap LDC - the LLVM D compiler (1.32.0)

process_bam.sh: line 21: 754605 Killed                  sambamba sort -t 10 --tmpdir=/users/m/c/mcarpen3/scratch ${NAME}.bam -o ${NAME}.sorted.bam

sambamba 1.0.1
 by Artem Tarasov and Pjotr Prins (C) 2012-2023
    LDC 1.32.0 / DMD v2.102.2 / LLVM14.0.6 / bootstrap LDC - the LLVM D compiler (1.32.0)


sambamba 1.0.1
 by Artem Tarasov and Pjotr Prins (C) 2012-2023
    LDC 1.32.0 / DMD v2.102.2 / LLVM14.0.6 / bootstrap LDC - the LLVM D compiler (1.32.0)

process_bam.sh: line 21: 755245 Killed                  sambamba sort -t 10 --tmpdir=/users/m/c/mcarpen3/scratch ${NAME}.bam -o ${NAME}.sorted.bam

sambamba 1.0.1
 by Artem Tarasov and Pjotr Prins (C) 2012-2023
    LDC 1.32.0 / DMD v2.102.2 / LLVM14.0.6 / bootstrap LDC - the LLVM D compiler (1.32.0)


sambamba 1.0.1
 by Artem Tarasov and Pjotr Prins (C) 2012-2023
    LDC 1.32.0 / DMD v2.102.2 / LLVM14.0.6 / bootstrap LDC - the LLVM D compiler (1.32.0)

process_bam.sh: line 21: 755370 Killed                  sambamba sort -t 10 --tmpdir=/users/m/c/mcarpen3/scratch ${NAME}.bam -o ${NAME}.sorted.bam

sambamba 1.0.1
 by Artem Tarasov and Pjotr Prins (C) 2012-2023
    LDC 1.32.0 / DMD v2.102.2 / LLVM14.0.6 / bootstrap LDC - the LLVM D compiler (1.32.0)


sambamba 1.0.1
 by Artem Tarasov and Pjotr Prins (C) 2012-2023
    LDC 1.32.0 / DMD v2.102.2 / LLVM14.0.6 / bootstrap LDC - the LLVM D compiler (1.32.0)

process_bam.sh: line 21: 756008 Killed                  sambamba sort -t 10 --tmpdir=/users/m/c/mcarpen3/scratch ${NAME}.bam -o ${NAME}.sorted.bam

sambamba 1.0.1
 by Artem Tarasov and Pjotr Prins (C) 2012-2023
    LDC 1.32.0 / DMD v2.102.2 / LLVM14.0.6 / bootstrap LDC - the LLVM D compiler (1.32.0)


sambamba 1.0.1
 by Artem Tarasov and Pjotr Prins (C) 2012-2023
    LDC 1.32.0 / DMD v2.102.2 / LLVM14.0.6 / bootstrap LDC - the LLVM D compiler (1.32.0)

process_bam.sh: line 21: 756182 Killed                  sambamba sort -t 10 --tmpdir=/users/m/c/mcarpen3/scratch ${NAME}.bam -o ${NAME}.sorted.bam

sambamba 1.0.1
 by Artem Tarasov and Pjotr Prins (C) 2012-2023
    LDC 1.32.0 / DMD v2.102.2 / LLVM14.0.6 / bootstrap LDC - the LLVM D compiler (1.32.0)


sambamba 1.0.1
 by Artem Tarasov and Pjotr Prins (C) 2012-2023
    LDC 1.32.0 / DMD v2.102.2 / LLVM14.0.6 / bootstrap LDC - the LLVM D compiler (1.32.0)

process_bam.sh: line 21: 756850 Killed                  sambamba sort -t 10 --tmpdir=/users/m/c/mcarpen3/scratch ${NAME}.bam -o ${NAME}.sorted.bam

sambamba 1.0.1
 by Artem Tarasov and Pjotr Prins (C) 2012-2023
    LDC 1.32.0 / DMD v2.102.2 / LLVM14.0.6 / bootstrap LDC - the LLVM D compiler (1.32.0)


sambamba 1.0.1
 by Artem Tarasov and Pjotr Prins (C) 2012-2023
    LDC 1.32.0 / DMD v2.102.2 / LLVM14.0.6 / bootstrap LDC - the LLVM D compiler (1.32.0)

process_bam.sh: line 21: 757386 Killed                  sambamba sort -t 10 --tmpdir=/users/m/c/mcarpen3/scratch ${NAME}.bam -o ${NAME}.sorted.bam

sambamba 1.0.1
 by Artem Tarasov and Pjotr Prins (C) 2012-2023
    LDC 1.32.0 / DMD v2.102.2 / LLVM14.0.6 / bootstrap LDC - the LLVM D compiler (1.32.0)

sambamba-markdup: Cannot open or create file '2019*.sorted.bam' : No such file or directory

sambamba 1.0.1
 by Artem Tarasov and Pjotr Prins (C) 2012-2023
    LDC 1.32.0 / DMD v2.102.2 / LLVM14.0.6 / bootstrap LDC - the LLVM D compiler (1.32.0)


Usage: sambamba [command] [args...]

  Available commands:

    view        view contents and convert from one format
                to another (SAM/BAM/JSON/UNPACK)
    index       build index (BAI)
    merge       merge files (BAM)
    sort        sort file (BAM)
    slice       slice file (BAM using BED)
    markdup     mark or remove duplicates (BAM)
    subsample   subsample (BAM)
    flagstat    output statistics (BAM)
    depth       output statistics (BAM)
    validate    simple validator (BAM)

  No longer recommended:

    mpileup     parallel execution of samtools (BAM)

To get help on a particular command, call it without args.

Global options

    -q          quiet mode (do not show banner)

For bug reports and feature requests see

       https://github.com/biod/

basename: extra operand ‘/gpfs1/cl/ecogen/pbio6800/PopulationGenomics/bams/2019_32_H.bam’
Try 'basename --help' for more information.
[E::hts_open_format] Failed to open file "/gpfs1/cl/ecogen/pbio6800/PopulationGenomics/bams/2019*.sorted.rmdup.bam" : No such file or directory
samtools flagstat: Cannot open input file "/gpfs1/cl/ecogen/pbio6800/PopulationGenomics/bams/2019*.sorted.rmdup.bam": No such file or directory
[E::hts_open_format] Failed to open file "/gpfs1/cl/ecogen/pbio6800/PopulationGenomics/bams/2019*.sorted.rmdup.bam" : No such file or directory
samtools depth: Cannot open input file "/gpfs1/cl/ecogen/pbio6800/PopulationGenomics/bams/2019*.sorted.rmdup.bam": No such file or directory
awk: cmd. line:1: fatal: division by zero attempted
[2025-09-18T16:13:39.923] error: Detected 8 oom_kill events in StepId=1484469.batch. Some of the step tasks have been OOM Killed.
