------------------------------------
PCAngsd v1.36.1
Jonas Meisner and Anders Albrechtsen
Using 10 thread(s)
------------------------------------

Parsing Beagle file.
Loaded 971934 sites and 113 samples.
Estimating minor allele frequencies.
EM (MAF) converged at iteration: 7
Number of sites after MAF filtering (0.05): 697053

Estimating covariance matrix.
Using 1 principal components (manually selected).
Individual allele frequencies estimated (1).
Individual allele frequencies estimated (2).	RMSE=0.0028640
Individual allele frequencies estimated (3).	RMSE=0.0015031
Individual allele frequencies estimated (4).	RMSE=0.0009134
Individual allele frequencies estimated (5).	RMSE=0.0005974
Individual allele frequencies estimated (6).	RMSE=0.0004101
Individual allele frequencies estimated (7).	RMSE=0.0002914
Individual allele frequencies estimated (8).	RMSE=0.0002152
Individual allele frequencies estimated (9).	RMSE=0.0001675
Individual allele frequencies estimated (10).	RMSE=0.0001374
Individual allele frequencies estimated (11).	RMSE=0.0001184
Individual allele frequencies estimated (12).	RMSE=0.0001071
Individual allele frequencies estimated (13).	RMSE=0.0000999
Individual allele frequencies estimated (14).	RMSE=0.0000949
Individual allele frequencies estimated (15).	RMSE=0.0000914
Individual allele frequencies estimated (16).	RMSE=0.0000886
Individual allele frequencies estimated (17).	RMSE=0.0000862
Individual allele frequencies estimated (18).	RMSE=0.0000841
Individual allele frequencies estimated (19).	RMSE=0.0000821
Individual allele frequencies estimated (20).	RMSE=0.0000802
Individual allele frequencies estimated (21).	RMSE=0.0000784
Individual allele frequencies estimated (22).	RMSE=0.0000766
Individual allele frequencies estimated (23).	RMSE=0.0000749
Individual allele frequencies estimated (24).	RMSE=0.0000732
Individual allele frequencies estimated (25).	RMSE=0.0000716
Individual allele frequencies estimated (26).	RMSE=0.0000699
Individual allele frequencies estimated (27).	RMSE=0.0000683
Individual allele frequencies estimated (28).	RMSE=0.0000668
Individual allele frequencies estimated (29).	RMSE=0.0000652
Individual allele frequencies estimated (30).	RMSE=0.0000637
Individual allele frequencies estimated (31).	RMSE=0.0000622
Individual allele frequencies estimated (32).	RMSE=0.0000607
Individual allele frequencies estimated (33).	RMSE=0.0000592
Individual allele frequencies estimated (34).	RMSE=0.0000577
Individual allele frequencies estimated (35).	RMSE=0.0000563
Individual allele frequencies estimated (36).	RMSE=0.0000548
Individual allele frequencies estimated (37).	RMSE=0.0000534
Individual allele frequencies estimated (38).	RMSE=0.0000520
Individual allele frequencies estimated (39).	RMSE=0.0000506
Individual allele frequencies estimated (40).	RMSE=0.0000492
Individual allele frequencies estimated (41).	RMSE=0.0000478
Individual allele frequencies estimated (42).	RMSE=0.0000465
Individual allele frequencies estimated (43).	RMSE=0.0000451
Individual allele frequencies estimated (44).	RMSE=0.0000438
Individual allele frequencies estimated (45).	RMSE=0.0000424
Individual allele frequencies estimated (46).	RMSE=0.0000411
Individual allele frequencies estimated (47).	RMSE=0.0000398
Individual allele frequencies estimated (48).	RMSE=0.0000385
Individual allele frequencies estimated (49).	RMSE=0.0000372
Individual allele frequencies estimated (50).	RMSE=0.0000359
Individual allele frequencies estimated (51).	RMSE=0.0000347
Individual allele frequencies estimated (52).	RMSE=0.0000334
Individual allele frequencies estimated (53).	RMSE=0.0000322
Individual allele frequencies estimated (54).	RMSE=0.0000310
Individual allele frequencies estimated (55).	RMSE=0.0000298
Individual allele frequencies estimated (56).	RMSE=0.0000286
Individual allele frequencies estimated (57).	RMSE=0.0000275
Individual allele frequencies estimated (58).	RMSE=0.0000264
Individual allele frequencies estimated (59).	RMSE=0.0000253
Individual allele frequencies estimated (60).	RMSE=0.0000242
Individual allele frequencies estimated (61).	RMSE=0.0000232
Individual allele frequencies estimated (62).	RMSE=0.0000222
Individual allele frequencies estimated (63).	RMSE=0.0000212
Individual allele frequencies estimated (64).	RMSE=0.0000203
Individual allele frequencies estimated (65).	RMSE=0.0000193
Individual allele frequencies estimated (66).	RMSE=0.0000184
Individual allele frequencies estimated (67).	RMSE=0.0000175
Individual allele frequencies estimated (68).	RMSE=0.0000167
Individual allele frequencies estimated (69).	RMSE=0.0000159
Individual allele frequencies estimated (70).	RMSE=0.0000151
Individual allele frequencies estimated (71).	RMSE=0.0000143
Individual allele frequencies estimated (72).	RMSE=0.0000136
Individual allele frequencies estimated (73).	RMSE=0.0000129
Individual allele frequencies estimated (74).	RMSE=0.0000122
Individual allele frequencies estimated (75).	RMSE=0.0000116
Individual allele frequencies estimated (76).	RMSE=0.0000110
Individual allele frequencies estimated (77).	RMSE=0.0000104
Individual allele frequencies estimated (78).	RMSE=0.0000098
PCAngsd converged.
Saved covariance matrix as /users/m/c/mcarpen3/projects/eco_genomics_2025/population_genomics/myresults/ANGSD/PCA_ADMIX/all_RS_K2_hw.cov

Estimating admixture proportions using NMF (CSG-MU).
K=2, Alpha=0.0, Batches=10, Seed=0
CSG-MU (1).	RMSE=0.248215155
CSG-MU (2).	RMSE=0.418582661
CSG-MU (3).	RMSE=0.013063373
CSG-MU (4).	RMSE=0.004522273
CSG-MU (5).	RMSE=0.002228946
CSG-MU (6).	RMSE=0.000993057
CSG-MU (7).	RMSE=0.000476882
CSG-MU (8).	RMSE=0.000296691
CSG-MU (9).	RMSE=0.000208467
CSG-MU (10).	RMSE=0.000120559
CSG-MU (11).	RMSE=0.000076493
CSG-MU (12).	RMSE=0.000057065
CSG-MU (13).	RMSE=0.000046479
CSG-MU (14).	RMSE=0.000034571
CSG-MU (15).	RMSE=0.000023748
CSG-MU (16).	RMSE=0.000015753
CSG-MU (17).	RMSE=0.000011073
CSG-MU (18).	RMSE=0.000007787
Converged.
Frobenius error: 41.69162
Log-likelihood: -60158717.45072
Saved admixture proportions as /users/m/c/mcarpen3/projects/eco_genomics_2025/population_genomics/myresults/ANGSD/PCA_ADMIX/all_RS_K2_hw.admix.2.Q
Saved ancestral allele frequencies proportions as /users/m/c/mcarpen3/projects/eco_genomics_2025/population_genomics/myresults/ANGSD/PCA_ADMIX/all_RS_K2_hw.admix.2.P

Total elapsed time: 1m39s
------------------------------------
PCAngsd v1.36.1
Jonas Meisner and Anders Albrechtsen
Using 10 thread(s)
------------------------------------

Parsing Beagle file.
Loaded 971934 sites and 113 samples.
Estimating minor allele frequencies.
EM (MAF) converged at iteration: 7
Number of sites after MAF filtering (0.05): 697053

Estimating covariance matrix.
Using 2 principal components (manually selected).
Individual allele frequencies estimated (1).
Individual allele frequencies estimated (2).	RMSE=0.0028538
Individual allele frequencies estimated (3).	RMSE=0.0017146
Individual allele frequencies estimated (4).	RMSE=0.0011760
Individual allele frequencies estimated (5).	RMSE=0.0008574
Individual allele frequencies estimated (6).	RMSE=0.0006490
Individual allele frequencies estimated (7).	RMSE=0.1330374
Individual allele frequencies estimated (8).	RMSE=0.0003950
Individual allele frequencies estimated (9).	RMSE=0.0003150
Individual allele frequencies estimated (10).	RMSE=0.0002552
Individual allele frequencies estimated (11).	RMSE=0.0002098
Individual allele frequencies estimated (12).	RMSE=0.0001754
Individual allele frequencies estimated (13).	RMSE=0.0001483
Individual allele frequencies estimated (14).	RMSE=0.0001277
Individual allele frequencies estimated (15).	RMSE=0.0001115
Individual allele frequencies estimated (16).	RMSE=0.0000992
Individual allele frequencies estimated (17).	RMSE=0.0000891
Individual allele frequencies estimated (18).	RMSE=0.0000815
Individual allele frequencies estimated (19).	RMSE=0.0000751
Individual allele frequencies estimated (20).	RMSE=0.0000702
Individual allele frequencies estimated (21).	RMSE=0.0000662
Individual allele frequencies estimated (22).	RMSE=0.0000632
Individual allele frequencies estimated (23).	RMSE=0.0000603
Individual allele frequencies estimated (24).	RMSE=0.0000579
Individual allele frequencies estimated (25).	RMSE=0.0000560
Individual allele frequencies estimated (26).	RMSE=0.0000542
Individual allele frequencies estimated (27).	RMSE=0.0000526
Individual allele frequencies estimated (28).	RMSE=0.0000514
Individual allele frequencies estimated (29).	RMSE=0.0000497
Individual allele frequencies estimated (30).	RMSE=0.0000484
Individual allele frequencies estimated (31).	RMSE=0.0000472
Individual allele frequencies estimated (32).	RMSE=0.0000460
Individual allele frequencies estimated (33).	RMSE=0.0000449
Individual allele frequencies estimated (34).	RMSE=0.0000437
Individual allele frequencies estimated (35).	RMSE=0.0000425
Individual allele frequencies estimated (36).	RMSE=0.0000415
Individual allele frequencies estimated (37).	RMSE=0.0000403
Individual allele frequencies estimated (38).	RMSE=0.0000393
Individual allele frequencies estimated (39).	RMSE=0.0000383
Individual allele frequencies estimated (40).	RMSE=0.0000370
Individual allele frequencies estimated (41).	RMSE=0.0000360
Individual allele frequencies estimated (42).	RMSE=0.0000349
Individual allele frequencies estimated (43).	RMSE=0.0000338
Individual allele frequencies estimated (44).	RMSE=0.0000327
Individual allele frequencies estimated (45).	RMSE=0.0000316
Individual allele frequencies estimated (46).	RMSE=0.0000305
Individual allele frequencies estimated (47).	RMSE=0.0000295
Individual allele frequencies estimated (48).	RMSE=0.0000285
Individual allele frequencies estimated (49).	RMSE=0.0000274
Individual allele frequencies estimated (50).	RMSE=0.0000264
Individual allele frequencies estimated (51).	RMSE=0.0000254
Individual allele frequencies estimated (52).	RMSE=0.0000244
Individual allele frequencies estimated (53).	RMSE=0.0000235
Individual allele frequencies estimated (54).	RMSE=0.0000224
Individual allele frequencies estimated (55).	RMSE=0.0000214
Individual allele frequencies estimated (56).	RMSE=0.0000208
Individual allele frequencies estimated (57).	RMSE=0.0000198
Individual allele frequencies estimated (58).	RMSE=0.0000189
Individual allele frequencies estimated (59).	RMSE=0.0000180
Individual allele frequencies estimated (60).	RMSE=0.0000170
Individual allele frequencies estimated (61).	RMSE=0.0000168
Individual allele frequencies estimated (62).	RMSE=0.0000156
Individual allele frequencies estimated (63).	RMSE=0.0000147
Individual allele frequencies estimated (64).	RMSE=0.0000139
Individual allele frequencies estimated (65).	RMSE=0.0000132
Individual allele frequencies estimated (66).	RMSE=0.0000126
Individual allele frequencies estimated (67).	RMSE=0.0000119
Individual allele frequencies estimated (68).	RMSE=0.0000113
Individual allele frequencies estimated (69).	RMSE=0.0000105
Individual allele frequencies estimated (70).	RMSE=0.0000101
Individual allele frequencies estimated (71).	RMSE=0.0000097
PCAngsd converged.
Saved covariance matrix as /users/m/c/mcarpen3/projects/eco_genomics_2025/population_genomics/myresults/ANGSD/PCA_ADMIX/all_RS_K3_hw.cov

Estimating admixture proportions using NMF (CSG-MU).
K=3, Alpha=0.0, Batches=10, Seed=0
CSG-MU (1).	RMSE=0.260921707
CSG-MU (2).	RMSE=0.091781459
CSG-MU (3).	RMSE=0.155792327
CSG-MU (4).	RMSE=0.048781807
CSG-MU (5).	RMSE=0.024868681
CSG-MU (6).	RMSE=0.009634126
CSG-MU (7).	RMSE=0.005139692
CSG-MU (8).	RMSE=0.003224466
CSG-MU (9).	RMSE=0.002251530
CSG-MU (10).	RMSE=0.001495657
CSG-MU (11).	RMSE=0.001105841
CSG-MU (12).	RMSE=0.000817084
CSG-MU (13).	RMSE=0.000607792
CSG-MU (14).	RMSE=0.000452689
CSG-MU (15).	RMSE=0.000360382
CSG-MU (16).	RMSE=0.000284656
CSG-MU (17).	RMSE=0.000226768
CSG-MU (18).	RMSE=0.000177997
CSG-MU (19).	RMSE=0.000143783
CSG-MU (20).	RMSE=0.000116282
CSG-MU (21).	RMSE=0.000095072
CSG-MU (22).	RMSE=0.000077625
CSG-MU (23).	RMSE=0.000062782
CSG-MU (24).	RMSE=0.000052884
CSG-MU (25).	RMSE=0.000041428
CSG-MU (26).	RMSE=0.000034082
CSG-MU (27).	RMSE=0.000030237
CSG-MU (28).	RMSE=0.000023226
CSG-MU (29).	RMSE=0.000017669
CSG-MU (30).	RMSE=0.000016400
CSG-MU (31).	RMSE=0.000010311
CSG-MU (32).	RMSE=0.000012359
CSG-MU (33).	RMSE=0.000010112
CSG-MU (34).	RMSE=0.000007460
Converged.
Frobenius error: 54.59115
Log-likelihood: -59635611.42543
Saved admixture proportions as /users/m/c/mcarpen3/projects/eco_genomics_2025/population_genomics/myresults/ANGSD/PCA_ADMIX/all_RS_K3_hw.admix.3.Q
Saved ancestral allele frequencies proportions as /users/m/c/mcarpen3/projects/eco_genomics_2025/population_genomics/myresults/ANGSD/PCA_ADMIX/all_RS_K3_hw.admix.3.P

Total elapsed time: 2m9s
------------------------------------
PCAngsd v1.36.1
Jonas Meisner and Anders Albrechtsen
Using 10 thread(s)
------------------------------------

Parsing Beagle file.
Loaded 971934 sites and 113 samples.
Estimating minor allele frequencies.
EM (MAF) converged at iteration: 7
Number of sites after MAF filtering (0.05): 697053

Estimating covariance matrix.
Using 3 principal components (manually selected).
Individual allele frequencies estimated (1).
Individual allele frequencies estimated (2).	RMSE=0.0060721
Individual allele frequencies estimated (3).	RMSE=0.0027870
Individual allele frequencies estimated (4).	RMSE=0.0015908
Individual allele frequencies estimated (5).	RMSE=0.0010840
Individual allele frequencies estimated (6).	RMSE=0.1086263
Individual allele frequencies estimated (7).	RMSE=0.0006687
Individual allele frequencies estimated (8).	RMSE=0.0005616
Individual allele frequencies estimated (9).	RMSE=0.0004815
Individual allele frequencies estimated (10).	RMSE=0.0004170
Individual allele frequencies estimated (11).	RMSE=0.0003641
Individual allele frequencies estimated (12).	RMSE=0.0003175
Individual allele frequencies estimated (13).	RMSE=0.0002801
Individual allele frequencies estimated (14).	RMSE=0.0002480
Individual allele frequencies estimated (15).	RMSE=0.0002214
Individual allele frequencies estimated (16).	RMSE=0.0001990
Individual allele frequencies estimated (17).	RMSE=0.0001790
Individual allele frequencies estimated (18).	RMSE=0.0001612
Individual allele frequencies estimated (19).	RMSE=0.0001474
Individual allele frequencies estimated (20).	RMSE=0.0001335
Individual allele frequencies estimated (21).	RMSE=0.0001226
Individual allele frequencies estimated (22).	RMSE=0.0001132
Individual allele frequencies estimated (23).	RMSE=0.0001043
Individual allele frequencies estimated (24).	RMSE=0.0000973
Individual allele frequencies estimated (25).	RMSE=0.0000902
Individual allele frequencies estimated (26).	RMSE=0.0000847
Individual allele frequencies estimated (27).	RMSE=0.0000797
Individual allele frequencies estimated (28).	RMSE=0.0000751
Individual allele frequencies estimated (29).	RMSE=0.0000711
Individual allele frequencies estimated (30).	RMSE=0.0000673
Individual allele frequencies estimated (31).	RMSE=0.0000643
Individual allele frequencies estimated (32).	RMSE=0.0000615
Individual allele frequencies estimated (33).	RMSE=0.0000589
Individual allele frequencies estimated (34).	RMSE=0.0000563
Individual allele frequencies estimated (35).	RMSE=0.0000538
Individual allele frequencies estimated (36).	RMSE=0.0000519
Individual allele frequencies estimated (37).	RMSE=0.0000500
Individual allele frequencies estimated (38).	RMSE=0.0000480
Individual allele frequencies estimated (39).	RMSE=0.0000462
Individual allele frequencies estimated (40).	RMSE=0.0000446
Individual allele frequencies estimated (41).	RMSE=0.0000430
Individual allele frequencies estimated (42).	RMSE=0.0000414
Individual allele frequencies estimated (43).	RMSE=0.0000399
Individual allele frequencies estimated (44).	RMSE=0.0000386
Individual allele frequencies estimated (45).	RMSE=0.0000371
Individual allele frequencies estimated (46).	RMSE=0.0000360
Individual allele frequencies estimated (47).	RMSE=0.0000347
Individual allele frequencies estimated (48).	RMSE=0.0000335
Individual allele frequencies estimated (49).	RMSE=0.0000324
Individual allele frequencies estimated (50).	RMSE=0.0000312
Individual allele frequencies estimated (51).	RMSE=0.0000301
Individual allele frequencies estimated (52).	RMSE=0.0000290
Individual allele frequencies estimated (53).	RMSE=0.0000279
Individual allele frequencies estimated (54).	RMSE=0.0000268
Individual allele frequencies estimated (55).	RMSE=0.0000259
Individual allele frequencies estimated (56).	RMSE=0.0000251
Individual allele frequencies estimated (57).	RMSE=0.0000240
Individual allele frequencies estimated (58).	RMSE=0.0000232
Individual allele frequencies estimated (59).	RMSE=0.0000224
Individual allele frequencies estimated (60).	RMSE=0.0000216
Individual allele frequencies estimated (61).	RMSE=0.0000206
Individual allele frequencies estimated (62).	RMSE=0.0000201
Individual allele frequencies estimated (63).	RMSE=0.0000193
Individual allele frequencies estimated (64).	RMSE=0.0000186
Individual allele frequencies estimated (65).	RMSE=0.0000182
Individual allele frequencies estimated (66).	RMSE=0.0000172
Individual allele frequencies estimated (67).	RMSE=0.0000168
Individual allele frequencies estimated (68).	RMSE=0.0000161
Individual allele frequencies estimated (69).	RMSE=0.0000158
Individual allele frequencies estimated (70).	RMSE=0.0000149
Individual allele frequencies estimated (71).	RMSE=0.0000148
Individual allele frequencies estimated (72).	RMSE=0.0000143
Individual allele frequencies estimated (73).	RMSE=0.0000137
Individual allele frequencies estimated (74).	RMSE=0.0000131
Individual allele frequencies estimated (75).	RMSE=0.0000129
Individual allele frequencies estimated (76).	RMSE=0.0000132
Individual allele frequencies estimated (77).	RMSE=0.0000121
Individual allele frequencies estimated (78).	RMSE=0.0000118
Individual allele frequencies estimated (79).	RMSE=0.0000114
Individual allele frequencies estimated (80).	RMSE=0.0000110
Individual allele frequencies estimated (81).	RMSE=0.0000106
Individual allele frequencies estimated (82).	RMSE=0.0000105
Individual allele frequencies estimated (83).	RMSE=0.0000101
Individual allele frequencies estimated (84).	RMSE=0.0000100
PCAngsd converged.
Saved covariance matrix as /users/m/c/mcarpen3/projects/eco_genomics_2025/population_genomics/myresults/ANGSD/PCA_ADMIX/all_RS_K4_hw.cov

Estimating admixture proportions using NMF (CSG-MU).
K=4, Alpha=0.0, Batches=10, Seed=0
CSG-MU (1).	RMSE=0.232065783
CSG-MU (2).	RMSE=0.120854604
CSG-MU (3).	RMSE=0.119327020
CSG-MU (4).	RMSE=0.045066816
CSG-MU (5).	RMSE=0.015115858
CSG-MU (6).	RMSE=0.006031252
CSG-MU (7).	RMSE=0.002839803
CSG-MU (8).	RMSE=0.001532027
CSG-MU (9).	RMSE=0.000917043
CSG-MU (10).	RMSE=0.000573521
CSG-MU (11).	RMSE=0.000383125
CSG-MU (12).	RMSE=0.000258690
CSG-MU (13).	RMSE=0.000179713
CSG-MU (14).	RMSE=0.000127444
CSG-MU (15).	RMSE=0.000092482
CSG-MU (16).	RMSE=0.000067640
CSG-MU (17).	RMSE=0.000050389
CSG-MU (18).	RMSE=0.000037610
CSG-MU (19).	RMSE=0.000030431
CSG-MU (20).	RMSE=0.000021645
CSG-MU (21).	RMSE=0.000017281
CSG-MU (22).	RMSE=0.000014540
CSG-MU (23).	RMSE=0.000011808
CSG-MU (24).	RMSE=0.000009562
Converged.
Frobenius error: 74.19258
Log-likelihood: -59268691.49765
Saved admixture proportions as /users/m/c/mcarpen3/projects/eco_genomics_2025/population_genomics/myresults/ANGSD/PCA_ADMIX/all_RS_K4_hw.admix.4.Q
Saved ancestral allele frequencies proportions as /users/m/c/mcarpen3/projects/eco_genomics_2025/population_genomics/myresults/ANGSD/PCA_ADMIX/all_RS_K4_hw.admix.4.P

Total elapsed time: 3m7s
------------------------------------
PCAngsd v1.36.1
Jonas Meisner and Anders Albrechtsen
Using 10 thread(s)
------------------------------------

Parsing Beagle file.
Loaded 971934 sites and 113 samples.
Estimating minor allele frequencies.
EM (MAF) converged at iteration: 7
Number of sites after MAF filtering (0.05): 697053

Estimating covariance matrix.
Using 4 principal components (manually selected).
Individual allele frequencies estimated (1).
Individual allele frequencies estimated (2).	RMSE=0.0941618
Individual allele frequencies estimated (3).	RMSE=0.0940812
Individual allele frequencies estimated (4).	RMSE=0.0940741
Individual allele frequencies estimated (5).	RMSE=0.0041420
Individual allele frequencies estimated (6).	RMSE=0.0008197
Individual allele frequencies estimated (7).	RMSE=0.0940812
Individual allele frequencies estimated (8).	RMSE=0.0021079
Individual allele frequencies estimated (9).	RMSE=0.0027877
Individual allele frequencies estimated (10).	RMSE=0.0940723
Individual allele frequencies estimated (11).	RMSE=0.0036202
Individual allele frequencies estimated (12).	RMSE=0.0038516
Individual allele frequencies estimated (13).	RMSE=0.0039385
Individual allele frequencies estimated (14).	RMSE=0.0039288
Individual allele frequencies estimated (15).	RMSE=0.0037706
Individual allele frequencies estimated (16).	RMSE=0.0034906
Individual allele frequencies estimated (17).	RMSE=0.0031659
Individual allele frequencies estimated (18).	RMSE=0.0940721
Individual allele frequencies estimated (19).	RMSE=0.0024081
Individual allele frequencies estimated (20).	RMSE=0.0020811
Individual allele frequencies estimated (21).	RMSE=0.0018045
Individual allele frequencies estimated (22).	RMSE=0.0015342
Individual allele frequencies estimated (23).	RMSE=0.0013112
Individual allele frequencies estimated (24).	RMSE=0.0011220
Individual allele frequencies estimated (25).	RMSE=0.0009661
Individual allele frequencies estimated (26).	RMSE=0.0008165
Individual allele frequencies estimated (27).	RMSE=0.0006804
Individual allele frequencies estimated (28).	RMSE=0.0005695
Individual allele frequencies estimated (29).	RMSE=0.0004898
Individual allele frequencies estimated (30).	RMSE=0.0004083
Individual allele frequencies estimated (31).	RMSE=0.0003561
Individual allele frequencies estimated (32).	RMSE=0.0002799
Individual allele frequencies estimated (33).	RMSE=0.0002328
Individual allele frequencies estimated (34).	RMSE=0.0001910
Individual allele frequencies estimated (35).	RMSE=0.0001572
Individual allele frequencies estimated (36).	RMSE=0.0001251
Individual allele frequencies estimated (37).	RMSE=0.0001012
Individual allele frequencies estimated (38).	RMSE=0.0000871
Individual allele frequencies estimated (39).	RMSE=0.0000805
Individual allele frequencies estimated (40).	RMSE=0.0000787
Individual allele frequencies estimated (41).	RMSE=0.0000831
Individual allele frequencies estimated (42).	RMSE=0.0000864
Individual allele frequencies estimated (43).	RMSE=0.0000958
Individual allele frequencies estimated (44).	RMSE=0.0001056
Individual allele frequencies estimated (45).	RMSE=0.0001100
Individual allele frequencies estimated (46).	RMSE=0.0001110
Individual allele frequencies estimated (47).	RMSE=0.0001173
Individual allele frequencies estimated (48).	RMSE=0.0001160
Individual allele frequencies estimated (49).	RMSE=0.0001141
Individual allele frequencies estimated (50).	RMSE=0.0001264
Individual allele frequencies estimated (51).	RMSE=0.0001318
Individual allele frequencies estimated (52).	RMSE=0.0001188
Individual allele frequencies estimated (53).	RMSE=0.0001391
Individual allele frequencies estimated (54).	RMSE=0.0001416
Individual allele frequencies estimated (55).	RMSE=0.0001408
Individual allele frequencies estimated (56).	RMSE=0.0001380
Individual allele frequencies estimated (57).	RMSE=0.0001408
Individual allele frequencies estimated (58).	RMSE=0.0001464
Individual allele frequencies estimated (59).	RMSE=0.0001465
Individual allele frequencies estimated (60).	RMSE=0.0001427
Individual allele frequencies estimated (61).	RMSE=0.0001461
Individual allele frequencies estimated (62).	RMSE=0.0001432
Individual allele frequencies estimated (63).	RMSE=0.0001408
Individual allele frequencies estimated (64).	RMSE=0.0001382
Individual allele frequencies estimated (65).	RMSE=0.0001362
Individual allele frequencies estimated (66).	RMSE=0.0001353
Individual allele frequencies estimated (67).	RMSE=0.0001373
Individual allele frequencies estimated (68).	RMSE=0.0001410
Individual allele frequencies estimated (69).	RMSE=0.0001371
Individual allele frequencies estimated (70).	RMSE=0.0001274
Individual allele frequencies estimated (71).	RMSE=0.0001269
Individual allele frequencies estimated (72).	RMSE=0.0001262
Individual allele frequencies estimated (73).	RMSE=0.0001253
Individual allele frequencies estimated (74).	RMSE=0.0001303
Individual allele frequencies estimated (75).	RMSE=0.0001288
Individual allele frequencies estimated (76).	RMSE=0.0001199
Individual allele frequencies estimated (77).	RMSE=0.0001205
Individual allele frequencies estimated (78).	RMSE=0.0001163
Individual allele frequencies estimated (79).	RMSE=0.0001156
Individual allele frequencies estimated (80).	RMSE=0.0001138
Individual allele frequencies estimated (81).	RMSE=0.0001147
Individual allele frequencies estimated (82).	RMSE=0.0001179
Individual allele frequencies estimated (83).	RMSE=0.0001122
Individual allele frequencies estimated (84).	RMSE=0.0001090
Individual allele frequencies estimated (85).	RMSE=0.0001055
Individual allele frequencies estimated (86).	RMSE=0.0001048
Individual allele frequencies estimated (87).	RMSE=0.0001026
Individual allele frequencies estimated (88).	RMSE=0.0000981
Individual allele frequencies estimated (89).	RMSE=0.0000975
Individual allele frequencies estimated (90).	RMSE=0.0000946
Individual allele frequencies estimated (91).	RMSE=0.0000912
Individual allele frequencies estimated (92).	RMSE=0.0000883
Individual allele frequencies estimated (93).	RMSE=0.0000839
Individual allele frequencies estimated (94).	RMSE=0.0000850
Individual allele frequencies estimated (95).	RMSE=0.0940721
Individual allele frequencies estimated (96).	RMSE=0.0000793
Individual allele frequencies estimated (97).	RMSE=0.0000851
Individual allele frequencies estimated (98).	RMSE=0.0000853
Individual allele frequencies estimated (99).	RMSE=0.0000872
Individual allele frequencies estimated (100).	RMSE=0.0000797
Individual allele frequencies estimated (101).	RMSE=0.0000783
PCAngsd did not converge!
Saved covariance matrix as /users/m/c/mcarpen3/projects/eco_genomics_2025/population_genomics/myresults/ANGSD/PCA_ADMIX/all_RS_K5_hw.cov

Estimating admixture proportions using NMF (CSG-MU).
K=5, Alpha=0.0, Batches=10, Seed=0
CSG-MU (1).	RMSE=0.198563080
CSG-MU (2).	RMSE=0.137692336
CSG-MU (3).	RMSE=0.056121470
CSG-MU (4).	RMSE=0.099683118
CSG-MU (5).	RMSE=0.036636471
CSG-MU (6).	RMSE=0.016177603
CSG-MU (7).	RMSE=0.007840858
CSG-MU (8).	RMSE=0.004076327
CSG-MU (9).	RMSE=0.002010355
CSG-MU (10).	RMSE=0.001117343
CSG-MU (11).	RMSE=0.000633947
CSG-MU (12).	RMSE=0.000385592
CSG-MU (13).	RMSE=0.000250920
CSG-MU (14).	RMSE=0.000167315
CSG-MU (15).	RMSE=0.000108897
CSG-MU (16).	RMSE=0.000073146
CSG-MU (17).	RMSE=0.000050570
CSG-MU (18).	RMSE=0.000035578
CSG-MU (19).	RMSE=0.000026009
CSG-MU (20).	RMSE=0.000018338
CSG-MU (21).	RMSE=0.000014618
CSG-MU (22).	RMSE=0.000011440
CSG-MU (23).	RMSE=0.000009228
Converged.
Frobenius error: 95.27865
Log-likelihood: -58914361.64205
Saved admixture proportions as /users/m/c/mcarpen3/projects/eco_genomics_2025/population_genomics/myresults/ANGSD/PCA_ADMIX/all_RS_K5_hw.admix.5.Q
Saved ancestral allele frequencies proportions as /users/m/c/mcarpen3/projects/eco_genomics_2025/population_genomics/myresults/ANGSD/PCA_ADMIX/all_RS_K5_hw.admix.5.P

Total elapsed time: 3m36s
