------------------------------------
PCAngsd v1.36.1
Jonas Meisner and Anders Albrechtsen
Using 10 thread(s)
------------------------------------

Parsing Beagle file.
Loaded 971934 sites and 113 samples.
Estimating minor allele frequencies.
EM (MAF) converged at iteration: 7
Number of sites after MAF filtering (0.05): 697053

Estimating covariance matrix.
Using 3 principal components (manually selected).
Individual allele frequencies estimated (1).
Individual allele frequencies estimated (2).	RMSE=0.0060718
Individual allele frequencies estimated (3).	RMSE=0.0027870
Individual allele frequencies estimated (4).	RMSE=0.0015915
Individual allele frequencies estimated (5).	RMSE=0.0010836
Individual allele frequencies estimated (6).	RMSE=0.1086263
Individual allele frequencies estimated (7).	RMSE=0.0006683
Individual allele frequencies estimated (8).	RMSE=0.0005612
Individual allele frequencies estimated (9).	RMSE=0.0004815
Individual allele frequencies estimated (10).	RMSE=0.0004167
Individual allele frequencies estimated (11).	RMSE=0.0003642
Individual allele frequencies estimated (12).	RMSE=0.0003177
Individual allele frequencies estimated (13).	RMSE=0.0002800
Individual allele frequencies estimated (14).	RMSE=0.0002480
Individual allele frequencies estimated (15).	RMSE=0.0002217
Individual allele frequencies estimated (16).	RMSE=0.0001989
Individual allele frequencies estimated (17).	RMSE=0.0001789
Individual allele frequencies estimated (18).	RMSE=0.0001613
Individual allele frequencies estimated (19).	RMSE=0.0001475
Individual allele frequencies estimated (20).	RMSE=0.0001334
Individual allele frequencies estimated (21).	RMSE=0.0001227
Individual allele frequencies estimated (22).	RMSE=0.0001131
Individual allele frequencies estimated (23).	RMSE=0.0001044
Individual allele frequencies estimated (24).	RMSE=0.0000972
Individual allele frequencies estimated (25).	RMSE=0.0000905
Individual allele frequencies estimated (26).	RMSE=0.0000846
Individual allele frequencies estimated (27).	RMSE=0.0000796
Individual allele frequencies estimated (28).	RMSE=0.0000751
Individual allele frequencies estimated (29).	RMSE=0.0000712
Individual allele frequencies estimated (30).	RMSE=0.0000674
Individual allele frequencies estimated (31).	RMSE=0.0000643
Individual allele frequencies estimated (32).	RMSE=0.0000615
Individual allele frequencies estimated (33).	RMSE=0.0000588
Individual allele frequencies estimated (34).	RMSE=0.0000563
Individual allele frequencies estimated (35).	RMSE=0.0000540
Individual allele frequencies estimated (36).	RMSE=0.0000518
Individual allele frequencies estimated (37).	RMSE=0.0000498
Individual allele frequencies estimated (38).	RMSE=0.0000480
Individual allele frequencies estimated (39).	RMSE=0.0000462
Individual allele frequencies estimated (40).	RMSE=0.0000446
Individual allele frequencies estimated (41).	RMSE=0.0000429
Individual allele frequencies estimated (42).	RMSE=0.0000414
Individual allele frequencies estimated (43).	RMSE=0.0000399
Individual allele frequencies estimated (44).	RMSE=0.0000387
Individual allele frequencies estimated (45).	RMSE=0.0000373
Individual allele frequencies estimated (46).	RMSE=0.0000359
Individual allele frequencies estimated (47).	RMSE=0.0000346
Individual allele frequencies estimated (48).	RMSE=0.0000336
Individual allele frequencies estimated (49).	RMSE=0.0000322
Individual allele frequencies estimated (50).	RMSE=0.0000312
Individual allele frequencies estimated (51).	RMSE=0.0000300
Individual allele frequencies estimated (52).	RMSE=0.0000289
Individual allele frequencies estimated (53).	RMSE=0.0000278
Individual allele frequencies estimated (54).	RMSE=0.0000270
Individual allele frequencies estimated (55).	RMSE=0.0000259
Individual allele frequencies estimated (56).	RMSE=0.0000250
Individual allele frequencies estimated (57).	RMSE=0.0000239
Individual allele frequencies estimated (58).	RMSE=0.0000233
Individual allele frequencies estimated (59).	RMSE=0.0000223
Individual allele frequencies estimated (60).	RMSE=0.0000216
Individual allele frequencies estimated (61).	RMSE=0.0000208
Individual allele frequencies estimated (62).	RMSE=0.0000197
Individual allele frequencies estimated (63).	RMSE=0.0000195
Individual allele frequencies estimated (64).	RMSE=0.0000187
Individual allele frequencies estimated (65).	RMSE=0.0000182
Individual allele frequencies estimated (66).	RMSE=0.0000173
Individual allele frequencies estimated (67).	RMSE=0.0000168
Individual allele frequencies estimated (68).	RMSE=0.0000163
Individual allele frequencies estimated (69).	RMSE=0.0000157
Individual allele frequencies estimated (70).	RMSE=0.0000150
Individual allele frequencies estimated (71).	RMSE=0.0000147
Individual allele frequencies estimated (72).	RMSE=0.0000143
Individual allele frequencies estimated (73).	RMSE=0.0000143
Individual allele frequencies estimated (74).	RMSE=0.0000132
Individual allele frequencies estimated (75).	RMSE=0.0000128
Individual allele frequencies estimated (76).	RMSE=0.0000126
Individual allele frequencies estimated (77).	RMSE=0.0000124
Individual allele frequencies estimated (78).	RMSE=0.0000118
Individual allele frequencies estimated (79).	RMSE=0.0000115
Individual allele frequencies estimated (80).	RMSE=0.0000111
Individual allele frequencies estimated (81).	RMSE=0.0000111
Individual allele frequencies estimated (82).	RMSE=0.0000105
Individual allele frequencies estimated (83).	RMSE=0.0000105
Individual allele frequencies estimated (84).	RMSE=0.0000101
Individual allele frequencies estimated (85).	RMSE=0.0000096
PCAngsd converged.
Saved covariance matrix as /users/m/c/mcarpen3/projects/eco_genomics_2025/population_genomics/myresults/ANGSD/PCA_ADMIX/RSBS_poly_K4.cov

Total elapsed time: 2m0s
/var/spool/slurm/d/job1602060/slurm_script: line 45: --selection-eig: command not found
