------------------------------------
PCAngsd v1.36.1
Jonas Meisner and Anders Albrechtsen
Using 10 thread(s)
------------------------------------

Parsing Beagle file.
Loaded 971934 sites and 113 samples.
Estimating minor allele frequencies.
EM (MAF) converged at iteration: 7
Number of sites after MAF filtering (0.05): 697053

Estimating covariance matrix.
Using 2 principal components (manually selected).
Individual allele frequencies estimated (1).
Individual allele frequencies estimated (2).	RMSE=0.0028536
Individual allele frequencies estimated (3).	RMSE=0.0017148
Individual allele frequencies estimated (4).	RMSE=0.0011765
Individual allele frequencies estimated (5).	RMSE=0.0008573
Individual allele frequencies estimated (6).	RMSE=0.0006483
Individual allele frequencies estimated (7).	RMSE=0.1330374
Individual allele frequencies estimated (8).	RMSE=0.0003950
Individual allele frequencies estimated (9).	RMSE=0.0003156
Individual allele frequencies estimated (10).	RMSE=0.0002557
Individual allele frequencies estimated (11).	RMSE=0.0002091
Individual allele frequencies estimated (12).	RMSE=0.0001756
Individual allele frequencies estimated (13).	RMSE=0.0001483
Individual allele frequencies estimated (14).	RMSE=0.0001279
Individual allele frequencies estimated (15).	RMSE=0.0001114
Individual allele frequencies estimated (16).	RMSE=0.0000990
Individual allele frequencies estimated (17).	RMSE=0.0000891
Individual allele frequencies estimated (18).	RMSE=0.0000814
Individual allele frequencies estimated (19).	RMSE=0.0000751
Individual allele frequencies estimated (20).	RMSE=0.0000702
Individual allele frequencies estimated (21).	RMSE=0.0000665
Individual allele frequencies estimated (22).	RMSE=0.0000631
Individual allele frequencies estimated (23).	RMSE=0.0000602
Individual allele frequencies estimated (24).	RMSE=0.0000579
Individual allele frequencies estimated (25).	RMSE=0.0000559
Individual allele frequencies estimated (26).	RMSE=0.0000545
Individual allele frequencies estimated (27).	RMSE=0.0000526
Individual allele frequencies estimated (28).	RMSE=0.0000512
Individual allele frequencies estimated (29).	RMSE=0.0000498
Individual allele frequencies estimated (30).	RMSE=0.0000485
Individual allele frequencies estimated (31).	RMSE=0.0000472
Individual allele frequencies estimated (32).	RMSE=0.0000460
Individual allele frequencies estimated (33).	RMSE=0.0000449
Individual allele frequencies estimated (34).	RMSE=0.0000439
Individual allele frequencies estimated (35).	RMSE=0.0000426
Individual allele frequencies estimated (36).	RMSE=0.0000415
Individual allele frequencies estimated (37).	RMSE=0.0000403
Individual allele frequencies estimated (38).	RMSE=0.0000392
Individual allele frequencies estimated (39).	RMSE=0.0000382
Individual allele frequencies estimated (40).	RMSE=0.0000371
Individual allele frequencies estimated (41).	RMSE=0.0000361
Individual allele frequencies estimated (42).	RMSE=0.0000350
Individual allele frequencies estimated (43).	RMSE=0.0000338
Individual allele frequencies estimated (44).	RMSE=0.0000328
Individual allele frequencies estimated (45).	RMSE=0.0000316
Individual allele frequencies estimated (46).	RMSE=0.0000306
Individual allele frequencies estimated (47).	RMSE=0.0000295
Individual allele frequencies estimated (48).	RMSE=0.0000285
Individual allele frequencies estimated (49).	RMSE=0.0000274
Individual allele frequencies estimated (50).	RMSE=0.0000266
Individual allele frequencies estimated (51).	RMSE=0.0000254
Individual allele frequencies estimated (52).	RMSE=0.0000244
Individual allele frequencies estimated (53).	RMSE=0.0000234
Individual allele frequencies estimated (54).	RMSE=0.0000224
Individual allele frequencies estimated (55).	RMSE=0.0000218
Individual allele frequencies estimated (56).	RMSE=0.0000206
Individual allele frequencies estimated (57).	RMSE=0.0000198
Individual allele frequencies estimated (58).	RMSE=0.0000188
Individual allele frequencies estimated (59).	RMSE=0.0000179
Individual allele frequencies estimated (60).	RMSE=0.0000172
Individual allele frequencies estimated (61).	RMSE=0.0000163
Individual allele frequencies estimated (62).	RMSE=0.0000154
Individual allele frequencies estimated (63).	RMSE=0.0000148
Individual allele frequencies estimated (64).	RMSE=0.0000140
Individual allele frequencies estimated (65).	RMSE=0.0000132
Individual allele frequencies estimated (66).	RMSE=0.0000125
Individual allele frequencies estimated (67).	RMSE=0.0000118
Individual allele frequencies estimated (68).	RMSE=0.0000113
Individual allele frequencies estimated (69).	RMSE=0.0000106
Individual allele frequencies estimated (70).	RMSE=0.0000101
Individual allele frequencies estimated (71).	RMSE=0.0000097
PCAngsd converged.
Saved covariance matrix as /users/m/c/mcarpen3/projects/eco_genomics_2025/population_genomics/myresults/ANGSD/PCA_ADMIX/RSBS_poly_K3.cov

Estimating admixture proportions using NMF (CSG-MU).
K=3, Alpha=0.0, Batches=10, Seed=0
CSG-MU (1).	RMSE=0.260921514
CSG-MU (2).	RMSE=0.091781950
CSG-MU (3).	RMSE=0.155792445
CSG-MU (4).	RMSE=0.048779928
CSG-MU (5).	RMSE=0.024867975
CSG-MU (6).	RMSE=0.009636060
CSG-MU (7).	RMSE=0.005137318
CSG-MU (8).	RMSE=0.003225072
CSG-MU (9).	RMSE=0.002249551
CSG-MU (10).	RMSE=0.001499421
CSG-MU (11).	RMSE=0.001101198
CSG-MU (12).	RMSE=0.000818620
CSG-MU (13).	RMSE=0.000602490
CSG-MU (14).	RMSE=0.000455966
CSG-MU (15).	RMSE=0.000358910
CSG-MU (16).	RMSE=0.000286157
CSG-MU (17).	RMSE=0.000224577
CSG-MU (18).	RMSE=0.000179934
CSG-MU (19).	RMSE=0.000144718
CSG-MU (20).	RMSE=0.000119323
CSG-MU (21).	RMSE=0.000096158
CSG-MU (22).	RMSE=0.000076350
CSG-MU (23).	RMSE=0.000063421
CSG-MU (24).	RMSE=0.000051561
CSG-MU (25).	RMSE=0.000040258
CSG-MU (26).	RMSE=0.000035631
CSG-MU (27).	RMSE=0.000026929
CSG-MU (28).	RMSE=0.000024449
CSG-MU (29).	RMSE=0.000020331
CSG-MU (30).	RMSE=0.000017030
CSG-MU (31).	RMSE=0.000013547
CSG-MU (32).	RMSE=0.000010759
CSG-MU (33).	RMSE=0.000008538
Converged.
Frobenius error: 54.59093
Log-likelihood: -59635612.29088
Saved admixture proportions as /users/m/c/mcarpen3/projects/eco_genomics_2025/population_genomics/myresults/ANGSD/PCA_ADMIX/RSBS_poly_K3.admix.3.Q
Saved ancestral allele frequencies proportions as /users/m/c/mcarpen3/projects/eco_genomics_2025/population_genomics/myresults/ANGSD/PCA_ADMIX/RSBS_poly_K3.admix.3.P

Total elapsed time: 2m44s
