------------------------------------
PCAngsd v1.36.1
Jonas Meisner and Anders Albrechtsen
Using 10 thread(s)
------------------------------------

Parsing Beagle file.
Loaded 971934 sites and 113 samples.
Estimating minor allele frequencies.
EM (MAF) converged at iteration: 7
Number of sites after MAF filtering (0.05): 697053

Estimating covariance matrix.
Using 2 principal components (manually selected).
Individual allele frequencies estimated (1).
Individual allele frequencies estimated (2).	RMSE=0.0028534
Individual allele frequencies estimated (3).	RMSE=0.0017148
Individual allele frequencies estimated (4).	RMSE=0.0011763
Individual allele frequencies estimated (5).	RMSE=0.0008572
Individual allele frequencies estimated (6).	RMSE=0.0006488
Individual allele frequencies estimated (7).	RMSE=0.1330374
Individual allele frequencies estimated (8).	RMSE=0.0003952
Individual allele frequencies estimated (9).	RMSE=0.0003155
Individual allele frequencies estimated (10).	RMSE=0.0002550
Individual allele frequencies estimated (11).	RMSE=0.0002091
Individual allele frequencies estimated (12).	RMSE=0.0001758
Individual allele frequencies estimated (13).	RMSE=0.0001488
Individual allele frequencies estimated (14).	RMSE=0.0001280
Individual allele frequencies estimated (15).	RMSE=0.0001114
Individual allele frequencies estimated (16).	RMSE=0.0000991
Individual allele frequencies estimated (17).	RMSE=0.0000893
Individual allele frequencies estimated (18).	RMSE=0.0000813
Individual allele frequencies estimated (19).	RMSE=0.0000751
Individual allele frequencies estimated (20).	RMSE=0.0000702
Individual allele frequencies estimated (21).	RMSE=0.0000664
Individual allele frequencies estimated (22).	RMSE=0.0000629
Individual allele frequencies estimated (23).	RMSE=0.0000604
Individual allele frequencies estimated (24).	RMSE=0.0000581
Individual allele frequencies estimated (25).	RMSE=0.0000560
Individual allele frequencies estimated (26).	RMSE=0.0000543
Individual allele frequencies estimated (27).	RMSE=0.0000526
Individual allele frequencies estimated (28).	RMSE=0.0000512
Individual allele frequencies estimated (29).	RMSE=0.0000498
Individual allele frequencies estimated (30).	RMSE=0.0000485
Individual allele frequencies estimated (31).	RMSE=0.0000474
Individual allele frequencies estimated (32).	RMSE=0.0000460
Individual allele frequencies estimated (33).	RMSE=0.0000449
Individual allele frequencies estimated (34).	RMSE=0.0000436
Individual allele frequencies estimated (35).	RMSE=0.0000426
Individual allele frequencies estimated (36).	RMSE=0.0000415
Individual allele frequencies estimated (37).	RMSE=0.0000404
Individual allele frequencies estimated (38).	RMSE=0.0000393
Individual allele frequencies estimated (39).	RMSE=0.0000381
Individual allele frequencies estimated (40).	RMSE=0.0000371
Individual allele frequencies estimated (41).	RMSE=0.0000360
Individual allele frequencies estimated (42).	RMSE=0.0000349
Individual allele frequencies estimated (43).	RMSE=0.0000338
Individual allele frequencies estimated (44).	RMSE=0.0000327
Individual allele frequencies estimated (45).	RMSE=0.0000318
Individual allele frequencies estimated (46).	RMSE=0.0000306
Individual allele frequencies estimated (47).	RMSE=0.0000295
Individual allele frequencies estimated (48).	RMSE=0.0000286
Individual allele frequencies estimated (49).	RMSE=0.0000276
Individual allele frequencies estimated (50).	RMSE=0.0000264
Individual allele frequencies estimated (51).	RMSE=0.0000254
Individual allele frequencies estimated (52).	RMSE=0.0000244
Individual allele frequencies estimated (53).	RMSE=0.0000234
Individual allele frequencies estimated (54).	RMSE=0.0000224
Individual allele frequencies estimated (55).	RMSE=0.0000215
Individual allele frequencies estimated (56).	RMSE=0.0000207
Individual allele frequencies estimated (57).	RMSE=0.0000198
Individual allele frequencies estimated (58).	RMSE=0.0000188
Individual allele frequencies estimated (59).	RMSE=0.0000178
Individual allele frequencies estimated (60).	RMSE=0.0000170
Individual allele frequencies estimated (61).	RMSE=0.0000162
Individual allele frequencies estimated (62).	RMSE=0.0000154
Individual allele frequencies estimated (63).	RMSE=0.0000146
Individual allele frequencies estimated (64).	RMSE=0.0000139
Individual allele frequencies estimated (65).	RMSE=0.0000132
Individual allele frequencies estimated (66).	RMSE=0.0000125
Individual allele frequencies estimated (67).	RMSE=0.0000118
Individual allele frequencies estimated (68).	RMSE=0.0000111
Individual allele frequencies estimated (69).	RMSE=0.0000105
Individual allele frequencies estimated (70).	RMSE=0.0000100
PCAngsd converged.
Saved covariance matrix as /users/m/c/mcarpen3/projects/eco_genomics_2025/population_genomics/myresults/ANGSD/PCA_ADMIX/RSBS_poly_K3.cov

Estimating admixture proportions using NMF (CSG-MU).
K=3, Alpha=0.0, Batches=10, Seed=0
CSG-MU (1).	RMSE=0.260920505
CSG-MU (2).	RMSE=0.091781947
CSG-MU (3).	RMSE=0.155790720
CSG-MU (4).	RMSE=0.048781971
CSG-MU (5).	RMSE=0.024868322
CSG-MU (6).	RMSE=0.009633312
CSG-MU (7).	RMSE=0.005139415
CSG-MU (8).	RMSE=0.003221090
CSG-MU (9).	RMSE=0.002249941
CSG-MU (10).	RMSE=0.001493861
CSG-MU (11).	RMSE=0.001110278
CSG-MU (12).	RMSE=0.000815224
CSG-MU (13).	RMSE=0.000608763
CSG-MU (14).	RMSE=0.000454045
CSG-MU (15).	RMSE=0.000358372
CSG-MU (16).	RMSE=0.000284635
CSG-MU (17).	RMSE=0.000226358
CSG-MU (18).	RMSE=0.000179482
CSG-MU (19).	RMSE=0.000145781
CSG-MU (20).	RMSE=0.000115962
CSG-MU (21).	RMSE=0.000095185
CSG-MU (22).	RMSE=0.000077307
CSG-MU (23).	RMSE=0.000062865
CSG-MU (24).	RMSE=0.000052471
CSG-MU (25).	RMSE=0.000042365
CSG-MU (26).	RMSE=0.000034601
CSG-MU (27).	RMSE=0.000028826
CSG-MU (28).	RMSE=0.000023204
CSG-MU (29).	RMSE=0.000019082
CSG-MU (30).	RMSE=0.000015514
CSG-MU (31).	RMSE=0.000011779
CSG-MU (32).	RMSE=0.000010380
CSG-MU (33).	RMSE=0.000011233
CSG-MU (34).	RMSE=0.000006963
Converged.
Frobenius error: 54.59372
Log-likelihood: -59635615.25183
Saved admixture proportions as /users/m/c/mcarpen3/projects/eco_genomics_2025/population_genomics/myresults/ANGSD/PCA_ADMIX/RSBS_poly_K3.admix.3.Q
Saved ancestral allele frequencies proportions as /users/m/c/mcarpen3/projects/eco_genomics_2025/population_genomics/myresults/ANGSD/PCA_ADMIX/RSBS_poly_K3.admix.3.P

Total elapsed time: 3m29s
